[14-Jan-2026 00:06:07 UTC] PHP Notice:  Function _load_textdomain_just_in_time was called <strong>incorrectly</strong>. Translation loading for the <code>woocommerce</code> domain was triggered too early. This is usually an indicator for some code in the plugin or theme running too early. Translations should be loaded at the <code>init</code> action or later. Please see <a href="https://developer.wordpress.org/advanced-administration/debug/debug-wordpress/">Debugging in WordPress</a> for more information. (This message was added in version 6.7.0.) in /home/customer/www/staging.gogarbagegrabber.com/public_html/wp-includes/functions.php on line 6131
[14-Jan-2026 08:32:09 UTC] Automatic updates starting...
[14-Jan-2026 08:32:09 UTC]   Automatic plugin updates starting...
[14-Jan-2026 08:32:09 UTC]   Automatic plugin updates complete.
[14-Jan-2026 08:32:09 UTC] Automatic updates complete.
[14-Jan-2026 20:33:53 UTC] Automatic updates starting...
[14-Jan-2026 20:33:53 UTC]   Automatic plugin updates starting...
[14-Jan-2026 20:33:53 UTC]   Automatic plugin updates complete.
[14-Jan-2026 20:33:53 UTC] Automatic updates complete.
[15-Jan-2026 08:37:29 UTC] Automatic updates starting...
[15-Jan-2026 08:37:29 UTC]   Automatic plugin updates starting...
[15-Jan-2026 08:37:29 UTC]   Automatic plugin updates complete.
[15-Jan-2026 08:37:29 UTC] Automatic updates complete.
[15-Jan-2026 20:31:37 UTC] Automatic updates starting...
[15-Jan-2026 20:31:37 UTC]   Automatic plugin updates starting...
[15-Jan-2026 20:31:37 UTC]   Automatic plugin updates complete.
[15-Jan-2026 20:31:37 UTC] Automatic updates complete.
[16-Jan-2026 08:29:54 UTC] Automatic updates starting...
[16-Jan-2026 08:29:54 UTC]   Automatic plugin updates starting...
[16-Jan-2026 08:29:54 UTC]   Automatic plugin updates complete.
[16-Jan-2026 08:29:54 UTC] Automatic updates complete.
[16-Jan-2026 18:21:51 UTC] PHP Fatal error:  Uncaught Error: Undefined constant "get_woocommerce_currency" in /home/customer/www/staging.gogarbagegrabber.com/public_html/wp-content/plugins/qp-instant-quote/qp-instant-quote-plugin.php:234
Stack trace:
#0 /home/customer/www/staging.gogarbagegrabber.com/public_html/wp-includes/shortcodes.php(434): qp_instant_quote_shortcode(Array, '', 'qp_instant_quot...')
#1 [internal function]: do_shortcode_tag(Array)
#2 /home/customer/www/staging.gogarbagegrabber.com/public_html/wp-includes/shortcodes.php(273): preg_replace_callback('/\\[(\\[?)(qp_ins...', 'do_shortcode_ta...', '[qp_instant_quo...')
#3 /home/customer/www/staging.gogarbagegrabber.com/public_html/wp-content/plugins/elementor/includes/widgets/shortcode.php(141): do_shortcode('[qp_instant_quo...')
#4 /home/customer/www/staging.gogarbagegrabber.com/public_html/wp-content/plugins/elementor/includes/base/controls-stack.php(2374): Elementor\Widget_Shortcode->render()
#5 /home/customer/www/staging.gogarbagegrabber.com/public_html/wp-content/plugins/elementor/includes/base/widget-base.php(636): Elementor\Controls_Stack->render_by_mode()
#6 /home/customer/www/staging.gogarbagegrabber.com/public_html/wp-content/plugins/elementor/includes/base/widget-base.php(774): Elementor\Widget_Base->render_content()
#7 /home/customer/www/staging.gogarbagegrabber.com/public_html/wp-content/plugins/elementor/includes/base/element-base.php(494): Elementor\Widget_Base->print_content()
#8 /home/customer/www/staging.gogarbagegrabber.com/public_html/wp-content/plugins/elementor/modules/element-cache/module.php(71): Elementor\Element_Base->print_element()
#9 /home/customer/www/staging.gogarbagegrabber.com/public_html/wp-includes/shortcodes.php(434): Elementor\Modules\ElementCache\Module->Elementor\Modules\ElementCache\{closure}(Array, '', 'elementor-eleme...')
#10 [internal function]: do_shortcode_tag(Array)
#11 /home/customer/www/staging.gogarbagegrabber.com/public_html/wp-includes/shortcodes.php(273): preg_replace_callback('/\\[(\\[?)(elemen...', 'do_shortcode_ta...', '<div class="ele...')
#12 /home/customer/www/staging.gogarbagegrabber.com/public_html/wp-content/plugins/elementor/core/base/document.php(1870): do_shortcode('<div class="ele...')
#13 /home/customer/www/staging.gogarbagegrabber.com/public_html/wp-content/plugins/elementor/core/base/document.php(1203): Elementor\Core\Base\Document->print_elements(Array)
#14 /home/customer/www/staging.gogarbagegrabber.com/public_html/wp-content/plugins/elementor/includes/frontend.php(1193): Elementor\Core\Base\Document->print_elements_with_wrapper(Array)
#15 /home/customer/www/staging.gogarbagegrabber.com/public_html/wp-content/plugins/elementor/includes/frontend.php(1088): Elementor\Frontend->get_builder_content(1781)
#16 /home/customer/www/staging.gogarbagegrabber.com/public_html/wp-includes/class-wp-hook.php(341): Elementor\Frontend->apply_builder_in_content('[qp_instant_quo...')
#17 /home/customer/www/staging.gogarbagegrabber.com/public_html/wp-includes/plugin.php(205): WP_Hook->apply_filters('[qp_instant_quo...', Array)
#18 /home/customer/www/staging.gogarbagegrabber.com/public_html/wp-includes/post-template.php(256): apply_filters('the_content', '[qp_instant_quo...')
#19 /home/customer/www/staging.gogarbagegrabber.com/public_html/wp-content/plugins/elementor/modules/page-templates/module.php(188): the_content()
#20 [internal function]: Elementor\Modules\PageTemplates\Module->print_callback()
#21 /home/customer/www/staging.gogarbagegrabber.com/public_html/wp-content/plugins/elementor/modules/page-templates/module.php(205): call_user_func(Array)
#22 /home/customer/www/staging.gogarbagegrabber.com/public_html/wp-content/plugins/elementor/modules/page-templates/templates/header-footer.php(19): Elementor\Modules\PageTemplates\Module->print_content()
#23 /home/customer/www/staging.gogarbagegrabber.com/public_html/wp-includes/template-loader.php(125): include('/home/customer/...')
#24 /home/customer/www/staging.gogarbagegrabber.com/public_html/wp-blog-header.php(19): require_once('/home/customer/...')
#25 /home/customer/www/staging.gogarbagegrabber.com/public_html/index.php(17): require('/home/customer/...')
#26 {main}
  thrown in /home/customer/www/staging.gogarbagegrabber.com/public_html/wp-content/plugins/qp-instant-quote/qp-instant-quote-plugin.php on line 234
[16-Jan-2026 18:21:59 UTC] PHP Fatal error:  Uncaught Error: Undefined constant "get_woocommerce_currency" in /home/customer/www/staging.gogarbagegrabber.com/public_html/wp-content/plugins/qp-instant-quote/qp-instant-quote-plugin.php:234
Stack trace:
#0 /home/customer/www/staging.gogarbagegrabber.com/public_html/wp-includes/shortcodes.php(434): qp_instant_quote_shortcode(Array, '', 'qp_instant_quot...')
#1 [internal function]: do_shortcode_tag(Array)
#2 /home/customer/www/staging.gogarbagegrabber.com/public_html/wp-includes/shortcodes.php(273): preg_replace_callback('/\\[(\\[?)(qp_ins...', 'do_shortcode_ta...', '[qp_instant_quo...')
#3 /home/customer/www/staging.gogarbagegrabber.com/public_html/wp-content/plugins/elementor/includes/widgets/shortcode.php(141): do_shortcode('[qp_instant_quo...')
#4 /home/customer/www/staging.gogarbagegrabber.com/public_html/wp-content/plugins/elementor/includes/base/controls-stack.php(2374): Elementor\Widget_Shortcode->render()
#5 /home/customer/www/staging.gogarbagegrabber.com/public_html/wp-content/plugins/elementor/includes/base/widget-base.php(636): Elementor\Controls_Stack->render_by_mode()
#6 /home/customer/www/staging.gogarbagegrabber.com/public_html/wp-content/plugins/elementor/includes/base/widget-base.php(774): Elementor\Widget_Base->render_content()
#7 /home/customer/www/staging.gogarbagegrabber.com/public_html/wp-content/plugins/elementor/includes/base/element-base.php(494): Elementor\Widget_Base->print_content()
#8 /home/customer/www/staging.gogarbagegrabber.com/public_html/wp-content/plugins/elementor/modules/element-cache/module.php(71): Elementor\Element_Base->print_element()
#9 /home/customer/www/staging.gogarbagegrabber.com/public_html/wp-includes/shortcodes.php(434): Elementor\Modules\ElementCache\Module->Elementor\Modules\ElementCache\{closure}(Array, '', 'elementor-eleme...')
#10 [internal function]: do_shortcode_tag(Array)
#11 /home/customer/www/staging.gogarbagegrabber.com/public_html/wp-includes/shortcodes.php(273): preg_replace_callback('/\\[(\\[?)(elemen...', 'do_shortcode_ta...', '<div class="ele...')
#12 /home/customer/www/staging.gogarbagegrabber.com/public_html/wp-content/plugins/elementor/core/base/document.php(1870): do_shortcode('<div class="ele...')
#13 /home/customer/www/staging.gogarbagegrabber.com/public_html/wp-content/plugins/elementor/core/base/document.php(1203): Elementor\Core\Base\Document->print_elements(Array)
#14 /home/customer/www/staging.gogarbagegrabber.com/public_html/wp-content/plugins/elementor/includes/frontend.php(1193): Elementor\Core\Base\Document->print_elements_with_wrapper(Array)
#15 /home/customer/www/staging.gogarbagegrabber.com/public_html/wp-content/plugins/elementor/includes/frontend.php(1088): Elementor\Frontend->get_builder_content(1781)
#16 /home/customer/www/staging.gogarbagegrabber.com/public_html/wp-includes/class-wp-hook.php(341): Elementor\Frontend->apply_builder_in_content('[qp_instant_quo...')
#17 /home/customer/www/staging.gogarbagegrabber.com/public_html/wp-includes/plugin.php(205): WP_Hook->apply_filters('[qp_instant_quo...', Array)
#18 /home/customer/www/staging.gogarbagegrabber.com/public_html/wp-includes/post-template.php(256): apply_filters('the_content', '[qp_instant_quo...')
#19 /home/customer/www/staging.gogarbagegrabber.com/public_html/wp-content/plugins/elementor/modules/page-templates/module.php(188): the_content()
#20 [internal function]: Elementor\Modules\PageTemplates\Module->print_callback()
#21 /home/customer/www/staging.gogarbagegrabber.com/public_html/wp-content/plugins/elementor/modules/page-templates/module.php(205): call_user_func(Array)
#22 /home/customer/www/staging.gogarbagegrabber.com/public_html/wp-content/plugins/elementor/modules/page-templates/templates/header-footer.php(19): Elementor\Modules\PageTemplates\Module->print_content()
#23 /home/customer/www/staging.gogarbagegrabber.com/public_html/wp-includes/template-loader.php(125): include('/home/customer/...')
#24 /home/customer/www/staging.gogarbagegrabber.com/public_html/wp-blog-header.php(19): require_once('/home/customer/...')
#25 /home/customer/www/staging.gogarbagegrabber.com/public_html/index.php(17): require('/home/customer/...')
#26 {main}
  thrown in /home/customer/www/staging.gogarbagegrabber.com/public_html/wp-content/plugins/qp-instant-quote/qp-instant-quote-plugin.php on line 234
[16-Jan-2026 18:43:52 UTC] Automatic updates starting...
[16-Jan-2026 18:43:52 UTC] Automatic updates complete.
[17-Jan-2026 08:37:38 UTC] Automatic updates starting...
[17-Jan-2026 08:37:38 UTC] Automatic updates complete.
[17-Jan-2026 20:37:42 UTC] Automatic updates starting...
[17-Jan-2026 20:37:42 UTC] Automatic updates complete.
[18-Jan-2026 08:33:44 UTC] Automatic updates starting...
[18-Jan-2026 08:33:44 UTC] Automatic updates complete.
[18-Jan-2026 20:17:41 UTC] Automatic updates starting...
[18-Jan-2026 20:17:41 UTC] Automatic updates complete.
[19-Jan-2026 08:31:05 UTC] Automatic updates starting...
[19-Jan-2026 08:31:05 UTC] Automatic updates complete.
[19-Jan-2026 20:33:02 UTC] Automatic updates starting...
[19-Jan-2026 20:33:02 UTC] Automatic updates complete.
[19-Jan-2026 21:38:30 UTC] PHP Fatal error:  Cannot redeclare qp_build_confirmation_email_html() (previously declared in /home/customer/www/staging.gogarbagegrabber.com/public_html/wp-content/plugins/qp-instant-quote/qp-confirm-payment.php:117) in /home/customer/www/staging.gogarbagegrabber.com/public_html/wp-content/plugins/qp-order-emails/qp-order-emails.php on line 140
[19-Jan-2026 21:38:30 UTC] PHP Fatal error:  Cannot redeclare qp_build_confirmation_email_html() (previously declared in /home/customer/www/staging.gogarbagegrabber.com/public_html/wp-content/plugins/qp-instant-quote/qp-confirm-payment.php:117) in /home/customer/www/staging.gogarbagegrabber.com/public_html/wp-content/plugins/qp-order-emails/qp-order-emails.php on line 140
[19-Jan-2026 21:39:45 UTC] PHP Fatal error:  Cannot redeclare qp_build_confirmation_email_html() (previously declared in /home/customer/www/staging.gogarbagegrabber.com/public_html/wp-content/plugins/qp-instant-quote/qp-confirm-payment.php:117) in /home/customer/www/staging.gogarbagegrabber.com/public_html/wp-content/plugins/qp-order-emails/qp-order-emails.php on line 140
[19-Jan-2026 21:41:46 UTC] PHP Fatal error:  Cannot redeclare qp_build_confirmation_email_html() (previously declared in /home/customer/www/staging.gogarbagegrabber.com/public_html/wp-content/plugins/qp-instant-quote/qp-confirm-payment.php:117) in /home/customer/www/staging.gogarbagegrabber.com/public_html/wp-content/plugins/qp-order-emails/qp-order-emails.php on line 140
[19-Jan-2026 21:43:47 UTC] PHP Fatal error:  Cannot redeclare qp_build_confirmation_email_html() (previously declared in /home/customer/www/staging.gogarbagegrabber.com/public_html/wp-content/plugins/qp-instant-quote/qp-confirm-payment.php:117) in /home/customer/www/staging.gogarbagegrabber.com/public_html/wp-content/plugins/qp-order-emails/qp-order-emails.php on line 140
[19-Jan-2026 21:45:10 UTC] PHP Fatal error:  Cannot redeclare qp_build_confirmation_email_html() (previously declared in /home/customer/www/staging.gogarbagegrabber.com/public_html/wp-content/plugins/qp-instant-quote/qp-confirm-payment.php:117) in /home/customer/www/staging.gogarbagegrabber.com/public_html/wp-content/plugins/qp-order-emails/qp-order-emails.php on line 140
[19-Jan-2026 21:45:11 UTC] PHP Fatal error:  Cannot redeclare qp_build_confirmation_email_html() (previously declared in /home/customer/www/staging.gogarbagegrabber.com/public_html/wp-content/plugins/qp-instant-quote/qp-confirm-payment.php:117) in /home/customer/www/staging.gogarbagegrabber.com/public_html/wp-content/plugins/qp-order-emails/qp-order-emails.php on line 140
[19-Jan-2026 21:45:26 UTC] PHP Fatal error:  Cannot redeclare qp_build_confirmation_email_html() (previously declared in /home/customer/www/staging.gogarbagegrabber.com/public_html/wp-content/plugins/qp-instant-quote/qp-confirm-payment.php:117) in /home/customer/www/staging.gogarbagegrabber.com/public_html/wp-content/plugins/qp-order-emails/qp-order-emails.php on line 140
[19-Jan-2026 21:45:26 UTC] PHP Fatal error:  Cannot redeclare qp_build_confirmation_email_html() (previously declared in /home/customer/www/staging.gogarbagegrabber.com/public_html/wp-content/plugins/qp-instant-quote/qp-confirm-payment.php:117) in /home/customer/www/staging.gogarbagegrabber.com/public_html/wp-content/plugins/qp-order-emails/qp-order-emails.php on line 140
[19-Jan-2026 21:45:47 UTC] PHP Fatal error:  Cannot redeclare qp_build_confirmation_email_html() (previously declared in /home/customer/www/staging.gogarbagegrabber.com/public_html/wp-content/plugins/qp-instant-quote/qp-confirm-payment.php:117) in /home/customer/www/staging.gogarbagegrabber.com/public_html/wp-content/plugins/qp-order-emails/qp-order-emails.php on line 140
[19-Jan-2026 21:46:28 UTC] PHP Fatal error:  Cannot redeclare qp_build_confirmation_email_html() (previously declared in /home/customer/www/staging.gogarbagegrabber.com/public_html/wp-content/plugins/qp-instant-quote/qp-confirm-payment.php:117) in /home/customer/www/staging.gogarbagegrabber.com/public_html/wp-content/plugins/qp-order-emails/qp-order-emails.php on line 140
[19-Jan-2026 21:46:29 UTC] PHP Fatal error:  Cannot redeclare qp_build_confirmation_email_html() (previously declared in /home/customer/www/staging.gogarbagegrabber.com/public_html/wp-content/plugins/qp-instant-quote/qp-confirm-payment.php:117) in /home/customer/www/staging.gogarbagegrabber.com/public_html/wp-content/plugins/qp-order-emails/qp-order-emails.php on line 140
[19-Jan-2026 21:47:24 UTC] PHP Fatal error:  Cannot redeclare qp_build_confirmation_email_html() (previously declared in /home/customer/www/staging.gogarbagegrabber.com/public_html/wp-content/plugins/qp-instant-quote/qp-confirm-payment.php:117) in /home/customer/www/staging.gogarbagegrabber.com/public_html/wp-content/plugins/qp-order-emails/qp-order-emails.php on line 140
[19-Jan-2026 21:47:24 UTC] PHP Fatal error:  Cannot redeclare qp_build_confirmation_email_html() (previously declared in /home/customer/www/staging.gogarbagegrabber.com/public_html/wp-content/plugins/qp-instant-quote/qp-confirm-payment.php:117) in /home/customer/www/staging.gogarbagegrabber.com/public_html/wp-content/plugins/qp-order-emails/qp-order-emails.php on line 140
[19-Jan-2026 21:47:38 UTC] PHP Fatal error:  Cannot redeclare qp_build_confirmation_email_html() (previously declared in /home/customer/www/staging.gogarbagegrabber.com/public_html/wp-content/plugins/qp-instant-quote/qp-confirm-payment.php:117) in /home/customer/www/staging.gogarbagegrabber.com/public_html/wp-content/plugins/qp-order-emails/qp-order-emails.php on line 140
[19-Jan-2026 21:47:49 UTC] PHP Fatal error:  Cannot redeclare qp_build_confirmation_email_html() (previously declared in /home/customer/www/staging.gogarbagegrabber.com/public_html/wp-content/plugins/qp-instant-quote/qp-confirm-payment.php:117) in /home/customer/www/staging.gogarbagegrabber.com/public_html/wp-content/plugins/qp-order-emails/qp-order-emails.php on line 140
[20-Jan-2026 08:04:18 UTC] Automatic updates starting...
[20-Jan-2026 08:04:18 UTC] Automatic updates complete.
[20-Jan-2026 20:03:54 UTC] Automatic updates starting...
[20-Jan-2026 20:03:54 UTC]   Automatic plugin updates starting...
[20-Jan-2026 20:03:54 UTC]   Automatic plugin updates complete.
[20-Jan-2026 20:03:54 UTC] Automatic updates complete.
[21-Jan-2026 08:25:21 UTC] Automatic updates starting...
[21-Jan-2026 08:25:21 UTC]   Automatic plugin updates starting...
[21-Jan-2026 08:25:21 UTC]   Automatic plugin updates complete.
[21-Jan-2026 08:25:21 UTC] Automatic updates complete.
[21-Jan-2026 20:29:40 UTC] Automatic updates starting...
[21-Jan-2026 20:29:40 UTC]   Automatic plugin updates starting...
[21-Jan-2026 20:29:40 UTC]   Automatic plugin updates complete.
[21-Jan-2026 20:29:40 UTC]   Automatic theme updates starting...
[21-Jan-2026 20:29:40 UTC]   Automatic theme updates complete.
[21-Jan-2026 20:29:40 UTC] Automatic updates complete.
[22-Jan-2026 08:26:17 UTC] Automatic updates starting...
[22-Jan-2026 08:26:17 UTC]   Automatic plugin updates starting...
[22-Jan-2026 08:26:17 UTC]   Automatic plugin updates complete.
[22-Jan-2026 08:26:17 UTC]   Automatic theme updates starting...
[22-Jan-2026 08:26:17 UTC]   Automatic theme updates complete.
[22-Jan-2026 08:26:17 UTC] Automatic updates complete.
[22-Jan-2026 18:43:08 UTC] Automatic updates starting...
[22-Jan-2026 18:43:08 UTC]   Automatic plugin updates starting...
[22-Jan-2026 18:43:08 UTC]   Automatic plugin updates complete.
[22-Jan-2026 18:43:08 UTC]   Automatic theme updates starting...
[22-Jan-2026 18:43:08 UTC]   Automatic theme updates complete.
[22-Jan-2026 18:43:08 UTC] Automatic updates complete.
[22-Jan-2026 20:37:52 UTC] PHP Parse error:  syntax error, unexpected token "?" in /home/customer/www/staging.gogarbagegrabber.com/public_html/wp-content/themes/hello-elementor-child/functions.php on line 3
[22-Jan-2026 20:37:53 UTC] PHP Parse error:  syntax error, unexpected token "?" in /home/customer/www/staging.gogarbagegrabber.com/public_html/wp-content/themes/hello-elementor-child/functions.php on line 3
[22-Jan-2026 20:37:54 UTC] PHP Parse error:  syntax error, unexpected token "?" in /home/customer/www/staging.gogarbagegrabber.com/public_html/wp-content/themes/hello-elementor-child/functions.php on line 3
[22-Jan-2026 20:38:23 UTC] PHP Parse error:  syntax error, unexpected token "?" in /home/customer/www/staging.gogarbagegrabber.com/public_html/wp-content/themes/hello-elementor-child/functions.php on line 3
[22-Jan-2026 20:38:23 UTC] PHP Notice:  Function _load_textdomain_just_in_time was called <strong>incorrectly</strong>. Translation loading for the <code>woocommerce</code> domain was triggered too early. This is usually an indicator for some code in the plugin or theme running too early. Translations should be loaded at the <code>init</code> action or later. Please see <a href="https://developer.wordpress.org/advanced-administration/debug/debug-wordpress/">Debugging in WordPress</a> for more information. (This message was added in version 6.7.0.) in /home/customer/www/staging.gogarbagegrabber.com/public_html/wp-includes/functions.php on line 6131
[22-Jan-2026 20:38:23 UTC] PHP Parse error:  syntax error, unexpected token "?" in /home/customer/www/staging.gogarbagegrabber.com/public_html/wp-content/themes/hello-elementor-child/functions.php on line 3
[22-Jan-2026 20:38:23 UTC] PHP Notice:  Function _load_textdomain_just_in_time was called <strong>incorrectly</strong>. Translation loading for the <code>woocommerce</code> domain was triggered too early. This is usually an indicator for some code in the plugin or theme running too early. Translations should be loaded at the <code>init</code> action or later. Please see <a href="https://developer.wordpress.org/advanced-administration/debug/debug-wordpress/">Debugging in WordPress</a> for more information. (This message was added in version 6.7.0.) in /home/customer/www/staging.gogarbagegrabber.com/public_html/wp-includes/functions.php on line 6131
[23-Jan-2026 00:34:57 UTC] PHP Warning:  Cannot modify header information - headers already sent by (output started at /home/customer/www/staging.gogarbagegrabber.com/public_html/wp-content/themes/hello-elementor-child/functions.php:1) in /home/customer/www/staging.gogarbagegrabber.com/public_html/wp-includes/pluggable.php on line 1531
[23-Jan-2026 00:35:01 UTC] PHP Notice:  wc_ajax_headers cannot set headers - headers already sent by /home/customer/www/staging.gogarbagegrabber.com/public_html/wp-content/themes/hello-elementor-child/functions.php on line 1 in /home/customer/www/staging.gogarbagegrabber.com/public_html/wp-content/plugins/woocommerce/includes/class-wc-ajax.php on line 99
[23-Jan-2026 00:35:02 UTC] PHP Warning:  Cannot modify header information - headers already sent by (output started at /home/customer/www/staging.gogarbagegrabber.com/public_html/wp-content/themes/hello-elementor-child/functions.php:1) in /home/customer/www/staging.gogarbagegrabber.com/public_html/wp-includes/pluggable.php on line 1531
[23-Jan-2026 00:35:38 UTC] PHP Warning:  Undefined variable $css_full_path in /home/customer/www/staging.gogarbagegrabber.com/public_html/wp-content/themes/hello-elementor-child/functions.php on line 38
[23-Jan-2026 00:35:38 UTC] PHP Deprecated:  file_exists(): Passing null to parameter #1 ($filename) of type string is deprecated in /home/customer/www/staging.gogarbagegrabber.com/public_html/wp-content/themes/hello-elementor-child/functions.php on line 38
[23-Jan-2026 00:35:38 UTC] PHP Warning:  Undefined variable $cards_full_path in /home/customer/www/staging.gogarbagegrabber.com/public_html/wp-content/themes/hello-elementor-child/functions.php on line 41
[23-Jan-2026 00:35:38 UTC] PHP Deprecated:  file_exists(): Passing null to parameter #1 ($filename) of type string is deprecated in /home/customer/www/staging.gogarbagegrabber.com/public_html/wp-content/themes/hello-elementor-child/functions.php on line 41
[23-Jan-2026 00:35:38 UTC] PHP Warning:  Undefined variable $main_full_path in /home/customer/www/staging.gogarbagegrabber.com/public_html/wp-content/themes/hello-elementor-child/functions.php on line 44
[23-Jan-2026 00:35:38 UTC] PHP Deprecated:  file_exists(): Passing null to parameter #1 ($filename) of type string is deprecated in /home/customer/www/staging.gogarbagegrabber.com/public_html/wp-content/themes/hello-elementor-child/functions.php on line 44
[23-Jan-2026 00:35:38 UTC] PHP Warning:  Undefined variable $css_rel_path in /home/customer/www/staging.gogarbagegrabber.com/public_html/wp-content/themes/hello-elementor-child/functions.php on line 48
[23-Jan-2026 00:35:38 UTC] PHP Warning:  Undefined variable $cards_rel_path in /home/customer/www/staging.gogarbagegrabber.com/public_html/wp-content/themes/hello-elementor-child/functions.php on line 49
[23-Jan-2026 00:35:38 UTC] PHP Warning:  Undefined variable $main_rel_path in /home/customer/www/staging.gogarbagegrabber.com/public_html/wp-content/themes/hello-elementor-child/functions.php on line 50
[23-Jan-2026 00:35:38 UTC] PHP Warning:  Undefined variable $css_rel_path in /home/customer/www/staging.gogarbagegrabber.com/public_html/wp-content/themes/hello-elementor-child/functions.php on line 52
[23-Jan-2026 00:35:38 UTC] PHP Warning:  Undefined variable $cards_rel_path in /home/customer/www/staging.gogarbagegrabber.com/public_html/wp-content/themes/hello-elementor-child/functions.php on line 53
[23-Jan-2026 00:35:38 UTC] PHP Warning:  Undefined variable $main_rel_path in /home/customer/www/staging.gogarbagegrabber.com/public_html/wp-content/themes/hello-elementor-child/functions.php on line 54
[23-Jan-2026 08:38:45 UTC] Automatic updates starting...
[23-Jan-2026 08:38:45 UTC]   Automatic plugin updates starting...
[23-Jan-2026 08:38:45 UTC]   Automatic plugin updates complete.
[23-Jan-2026 08:38:45 UTC] Automatic updates complete.
[23-Jan-2026 20:38:20 UTC] Automatic updates starting...
[23-Jan-2026 20:38:20 UTC]   Automatic plugin updates starting...
[23-Jan-2026 20:38:20 UTC]   Automatic plugin updates complete.
[23-Jan-2026 20:38:20 UTC] Automatic updates complete.
[23-Jan-2026 21:18:31 UTC] PHP Fatal error:  Uncaught Error: Call to a member function get_gallery_image_ids() on bool in /home/customer/www/staging.gogarbagegrabber.com/public_html/wp-content/plugins/elementor/modules/ai/module.php:351
Stack trace:
#0 /home/customer/www/staging.gogarbagegrabber.com/public_html/wp-includes/class-wp-hook.php(341): Elementor\Modules\Ai\Module->get_product_images_ajax('')
#1 /home/customer/www/staging.gogarbagegrabber.com/public_html/wp-includes/class-wp-hook.php(365): WP_Hook->apply_filters('', Array)
#2 /home/customer/www/staging.gogarbagegrabber.com/public_html/wp-includes/plugin.php(522): WP_Hook->do_action(Array)
#3 /home/customer/www/staging.gogarbagegrabber.com/public_html/wp-admin/admin-ajax.php(192): do_action('wp_ajax_element...')
#4 {main}
  thrown in /home/customer/www/staging.gogarbagegrabber.com/public_html/wp-content/plugins/elementor/modules/ai/module.php on line 351
[23-Jan-2026 23:14:08 UTC] PHP Fatal error:  Uncaught Error: Call to a member function get_gallery_image_ids() on bool in /home/customer/www/staging.gogarbagegrabber.com/public_html/wp-content/plugins/elementor/modules/ai/module.php:351
Stack trace:
#0 /home/customer/www/staging.gogarbagegrabber.com/public_html/wp-includes/class-wp-hook.php(341): Elementor\Modules\Ai\Module->get_product_images_ajax('')
#1 /home/customer/www/staging.gogarbagegrabber.com/public_html/wp-includes/class-wp-hook.php(365): WP_Hook->apply_filters('', Array)
#2 /home/customer/www/staging.gogarbagegrabber.com/public_html/wp-includes/plugin.php(522): WP_Hook->do_action(Array)
#3 /home/customer/www/staging.gogarbagegrabber.com/public_html/wp-admin/admin-ajax.php(192): do_action('wp_ajax_element...')
#4 {main}
  thrown in /home/customer/www/staging.gogarbagegrabber.com/public_html/wp-content/plugins/elementor/modules/ai/module.php on line 351
[24-Jan-2026 00:13:39 UTC] PHP Notice:  Function _load_textdomain_just_in_time was called <strong>incorrectly</strong>. Translation loading for the <code>woocommerce</code> domain was triggered too early. This is usually an indicator for some code in the plugin or theme running too early. Translations should be loaded at the <code>init</code> action or later. Please see <a href="https://developer.wordpress.org/advanced-administration/debug/debug-wordpress/">Debugging in WordPress</a> for more information. (This message was added in version 6.7.0.) in /home/customer/www/staging.gogarbagegrabber.com/public_html/wp-includes/functions.php on line 6131
[24-Jan-2026 08:29:26 UTC] Automatic updates starting...
[24-Jan-2026 08:29:27 UTC]   Automatic plugin updates starting...
[24-Jan-2026 08:29:27 UTC]   Automatic plugin updates complete.
[24-Jan-2026 08:29:27 UTC] Automatic updates complete.
[24-Jan-2026 18:01:48 UTC] PHP Warning:  Cannot modify header information - headers already sent by (output started at /home/customer/www/staging.gogarbagegrabber.com/public_html/wp-content/themes/hello-elementor-child/functions.php:1) in /home/customer/www/staging.gogarbagegrabber.com/public_html/wp-includes/http.php on line 523
[24-Jan-2026 18:02:06 UTC] PHP Warning:  Cannot modify header information - headers already sent by (output started at /home/customer/www/staging.gogarbagegrabber.com/public_html/wp-content/themes/hello-elementor-child/functions.php:1) in /home/customer/www/staging.gogarbagegrabber.com/public_html/wp-includes/http.php on line 523
[24-Jan-2026 18:42:09 UTC] Automatic updates starting...
[24-Jan-2026 18:42:09 UTC]   Automatic plugin updates starting...
[24-Jan-2026 18:42:09 UTC]   Automatic plugin updates complete.
[24-Jan-2026 18:42:09 UTC] Automatic updates complete.
[24-Jan-2026 19:51:49 UTC] PHP Parse error:  Unclosed '{' on line 12 in /home/customer/www/staging.gogarbagegrabber.com/public_html/wp-content/plugins/qp-debug/qp-debug.php on line 134
[24-Jan-2026 19:52:27 UTC] PHP Parse error:  Unclosed '{' on line 12 in /home/customer/www/staging.gogarbagegrabber.com/public_html/wp-content/plugins/qp-debug/qp-debug.php on line 134
[24-Jan-2026 19:53:26 UTC] PHP Parse error:  Unclosed '{' on line 12 in /home/customer/www/staging.gogarbagegrabber.com/public_html/wp-content/plugins/qp-debug/qp-debug.php on line 134
[24-Jan-2026 19:53:33 UTC] PHP Parse error:  Unclosed '{' on line 12 in /home/customer/www/staging.gogarbagegrabber.com/public_html/wp-content/plugins/qp-debug/qp-debug.php on line 134
[24-Jan-2026 19:53:50 UTC] PHP Parse error:  Unclosed '{' on line 12 in /home/customer/www/staging.gogarbagegrabber.com/public_html/wp-content/plugins/qp-debug/qp-debug.php on line 134
[24-Jan-2026 19:54:08 UTC] PHP Warning:  file_get_contents(/home/customer/www/staging.gogarbagegrabber.com/public_html/wp-content/plugins/qp-debug/qp-debug.php): Failed to open stream: No such file or directory in /home/customer/www/staging.gogarbagegrabber.com/public_html/wp-includes/functions.php on line 6910
[24-Jan-2026 20:50:13 UTC] qp_debug: apply_payload_debug results: [{"index":0,"product_id":1711,"qty":1,"added":true},{"index":1,"product_id":1705,"qty":1,"added":true}]
[25-Jan-2026 08:27:12 UTC] Automatic updates starting...
[25-Jan-2026 08:27:13 UTC] Automatic updates complete.
[25-Jan-2026 20:37:13 UTC] Automatic updates starting...
[25-Jan-2026 20:37:13 UTC] Automatic updates complete.
[26-Jan-2026 00:19:51 UTC] PHP Notice:  Function _load_textdomain_just_in_time was called <strong>incorrectly</strong>. Translation loading for the <code>woocommerce</code> domain was triggered too early. This is usually an indicator for some code in the plugin or theme running too early. Translations should be loaded at the <code>init</code> action or later. Please see <a href="https://developer.wordpress.org/advanced-administration/debug/debug-wordpress/">Debugging in WordPress</a> for more information. (This message was added in version 6.7.0.) in /home/customer/www/staging.gogarbagegrabber.com/public_html/wp-includes/functions.php on line 6131
[26-Jan-2026 08:35:31 UTC] Automatic updates starting...
[26-Jan-2026 08:35:32 UTC] Automatic updates complete.
[26-Jan-2026 20:26:39 UTC] Automatic updates starting...
[26-Jan-2026 20:26:39 UTC]   Automatic plugin updates starting...
[26-Jan-2026 20:26:39 UTC]   Automatic plugin updates complete.
[26-Jan-2026 20:26:39 UTC] Automatic updates complete.
[27-Jan-2026 06:50:32 UTC] Automatic updates starting...
[27-Jan-2026 06:50:32 UTC]   Automatic plugin updates starting...
[27-Jan-2026 06:50:32 UTC]   Automatic plugin updates complete.
[27-Jan-2026 06:50:32 UTC] Automatic updates complete.
[27-Jan-2026 18:55:04 UTC] Automatic updates starting...
[27-Jan-2026 18:55:04 UTC]   Automatic plugin updates starting...
[27-Jan-2026 18:55:04 UTC]   Automatic plugin updates complete.
[27-Jan-2026 18:55:04 UTC] Automatic updates complete.
[27-Jan-2026 20:52:05 UTC] wp_auto_login: trying to login user_id==1 loginusername=Tchild to admin_url=https://staging.gogarbagegrabber.com/wp-admin/
[28-Jan-2026 08:31:22 UTC] Automatic updates starting...
[28-Jan-2026 08:31:22 UTC] Automatic updates complete.
[28-Jan-2026 20:26:20 UTC] Automatic updates starting...
[28-Jan-2026 20:26:20 UTC] Automatic updates complete.
[29-Jan-2026 08:29:41 UTC] Automatic updates starting...
[29-Jan-2026 08:29:42 UTC] Automatic updates complete.
[29-Jan-2026 20:32:52 UTC] Automatic updates starting...
[29-Jan-2026 20:32:52 UTC]   Automatic plugin updates starting...
[29-Jan-2026 20:32:52 UTC]   Automatic plugin updates complete.
[29-Jan-2026 20:32:52 UTC] Automatic updates complete.
[30-Jan-2026 08:28:25 UTC] Automatic updates starting...
[30-Jan-2026 08:28:25 UTC]   Automatic plugin updates starting...
[30-Jan-2026 08:28:25 UTC]   Automatic plugin updates complete.
[30-Jan-2026 08:28:25 UTC] Automatic updates complete.
[30-Jan-2026 20:01:53 UTC] Automatic updates starting...
[30-Jan-2026 20:01:53 UTC]   Automatic plugin updates starting...
[30-Jan-2026 20:01:53 UTC]   Automatic plugin updates complete.
[30-Jan-2026 20:01:54 UTC] Automatic updates complete.
[31-Jan-2026 00:24:46 UTC] Cron reschedule event error for hook: elementor_1_elementor_updater_cron, Error code: invalid_schedule, Error message: Event schedule does not exist., Data: {"schedule":"elementor_1_elementor_updater_cron_interval","args":[],"interval":300}
[31-Jan-2026 08:33:52 UTC] Automatic updates starting...
[31-Jan-2026 08:33:53 UTC] Automatic updates complete.
[31-Jan-2026 16:28:39 UTC] PHP Warning:  preg_match(): Unknown modifier 'a' in /home/customer/www/staging.gogarbagegrabber.com/public_html/wp-content/themes/hello-elementor-child/functions.php on line 732
[31-Jan-2026 18:44:06 UTC] Automatic updates starting...
[31-Jan-2026 18:44:06 UTC] Automatic updates complete.
